Memorized paths for brt with to visit=
Memorized paths for rkg with to visit=
Memorized paths for axj with to visit=
Memorized paths for icx with to visit=
Memorized paths for brt with to visit=
Memorized paths for nlz with to visit=
Memorized paths for pjh with to visit=
Memorized paths for sou with to visit=
Memorized paths for stq with to visit=
Memorized paths for czo with to visit=
Memorized paths for hcv with to visit=
Memorized paths for uyk with to visit=
Memorized paths for gql with to visit=
Memorized paths for icx with to visit=
Memorized paths for stq with to visit=
Memorized paths for iwt with to visit=
Memorized paths for stq with to visit=
Memorized paths for pno with to visit=
Memorized paths for ziz with to visit=
Memorized paths for bqy with to visit=
Memorized paths for ntl with to visit=
Memorized paths for sin with to visit=
Memorized paths for saa with to visit=
Memorized paths for vsa with to visit=
Memorized paths for fib with to visit=
Memorized paths for ngw with to visit=
Memorized paths for ajw with to visit=
Memorized paths for ntl with to visit=
Memorized paths for onj with to visit=
Memorized paths for zcj with to visit=
Memorized paths for ajw with to visit=
Memorized paths for ntl with to visit=
Memorized paths for qme with to visit=
Memorized paths for bit with to visit=
Memorized paths for huu with to visit=
Memorized paths for cup with to visit=
Memorized paths for muv with to visit=
Memorized paths for cup with to visit=
Memorized paths for zvv with to visit=
Memorized paths for yll with to visit=
Memorized paths for obc with to visit=
Memorized paths for mcq with to visit=
Memorized paths for dfp with to visit=
Memorized paths for gvd with to visit=
Memorized paths for sdm with to visit=
Memorized paths for ggp with to visit=
Memorized paths for slf with to visit=
Memorized paths for pjc with to visit=
Memorized paths for nkj with to visit=
Memorized paths for pjc with to visit=
Memorized paths for oam with to visit=
Memorized paths for oam with to visit=
Memorized paths for tfm with to visit=
Memorized paths for twf with to visit=
Memorized paths for tzg with to visit=
Memorized paths for mej with to visit=
Memorized paths for czj with to visit=
Memorized paths for yqk with to visit=
Memorized paths for twf with to visit=
Memorized paths for oam with to visit=
Memorized paths for tzg with to visit=
Memorized paths for mej with to visit=
Memorized paths for ttd with to visit=
Memorized paths for vhf with to visit=
Memorized paths for yuo with to visit=
Memorized paths for vhf with to visit=
Memorized paths for yqk with to visit=
Memorized paths for czj with to visit=
Memorized paths for igz with to visit=
Memorized paths for ucw with to visit=
Memorized paths for yuo with to visit=
Memorized paths for mxi with to visit=
Memorized paths for saz with to visit=
Memorized paths for xtu with to visit=
Memorized paths for mxi with to visit=
Memorized paths for ull with to visit=
Memorized paths for bit with to visit=
Memorized paths for eih with to visit=
Part 1: 428
Memorized paths for brt with to visit=dac,fft
Memorized paths for rkg with to visit=dac,fft
Memorized paths for brt with to visit=dac,fft
Memorized paths for axj with to visit=dac,fft
Memorized paths for stq with to visit=dac,fft
Memorized paths for icx with to visit=dac,fft
Memorized paths for sou with to visit=dac,fft
Memorized paths for gql with to visit=dac,fft
Memorized paths for icx with to visit=dac,fft
Memorized paths for nlz with to visit=dac,fft
Memorized paths for pjh with to visit=dac,fft
Memorized paths for stq with to visit=dac,fft
Memorized paths for pno with to visit=dac,fft
Memorized paths for czo with to visit=dac,fft
Memorized paths for hcv with to visit=dac,fft
Memorized paths for uyk with to visit=dac,fft
Memorized paths for iwt with to visit=dac,fft
Memorized paths for stq with to visit=dac,fft
Memorized paths for fri with to visit=dac,fft
Memorized paths for lix with to visit=dac,fft
Memorized paths for pxm with to visit=dac,fft
Memorized paths for lix with to visit=dac,fft
Memorized paths for fri with to visit=dac,fft
Memorized paths for dyk with to visit=dac,fft
Memorized paths for wzi with to visit=dac,fft
Memorized paths for xyb with to visit=dac,fft
Memorized paths for fgk with to visit=dac,fft
Memorized paths for nzm with to visit=dac,fft
Memorized paths for dbf with to visit=dac,fft
Memorized paths for ska with to visit=dac,fft
Memorized paths for zsd with to visit=dac,fft
Memorized paths for irn with to visit=dac,fft
Memorized paths for yki with to visit=dac,fft
Memorized paths for xgm with to visit=dac,fft
Memorized paths for akj with to visit=dac,fft
Memorized paths for vqp with to visit=dac,fft
Memorized paths for jqo with to visit=dac,fft
Memorized paths for xgm with to visit=dac,fft
Memorized paths for rpg with to visit=dac,fft
Memorized paths for muu with to visit=dac,fft
Memorized paths for jqo with to visit=dac,fft
Memorized paths for xgm with to visit=dac,fft
Memorized paths for yki with to visit=dac,fft
Memorized paths for hdx with to visit=dac,fft
Memorized paths for eyb with to visit=dac,fft
Memorized paths for bbp with to visit=dac,fft
Memorized paths for oam with to visit=dac,fft
Memorized paths for oam with to visit=dac,fft
Memorized paths for tfm with to visit=dac,fft
Memorized paths for twf with to visit=dac,fft
Memorized paths for tzg with to visit=dac,fft
Memorized paths for mej with to visit=dac,fft
Memorized paths for czj with to visit=dac,fft
Memorized paths for yqk with to visit=dac,fft
Memorized paths for twf with to visit=dac,fft
Memorized paths for oam with to visit=dac,fft
Memorized paths for tzg with to visit=dac,fft
Memorized paths for mej with to visit=dac,fft
Memorized paths for ttd with to visit=dac,fft
Memorized paths for vhf with to visit=dac,fft
Memorized paths for yuo with to visit=dac,fft
Memorized paths for vhf with to visit=dac,fft
Memorized paths for yqk with to visit=dac,fft
Memorized paths for czj with to visit=dac,fft
Memorized paths for igz with to visit=dac,fft
Memorized paths for ucw with to visit=dac,fft
Memorized paths for yuo with to visit=dac,fft
Memorized paths for dyk with to visit=dac,fft
Memorized paths for wzi with to visit=dac,fft
Memorized paths for dbf with to visit=dac,fft
Memorized paths for nwo with to visit=dac,fft
Memorized paths for wzi with to visit=dac,fft
Memorized paths for kfo with to visit=dac,fft
Memorized paths for dbf with to visit=dac,fft
Memorized paths for ykf with to visit=dac,fft
Memorized paths for ohf with to visit=dac,fft
Memorized paths for bti with to visit=dac,fft
Memorized paths for uym with to visit=dac,fft
Memorized paths for gby with to visit=dac,fft
Memorized paths for whx with to visit=dac,fft
Memorized paths for dyk with to visit=dac,fft
Memorized paths for ziz with to visit=dac,fft
Memorized paths for xsi with to visit=dac,fft
Memorized paths for ohf with to visit=dac,fft
Memorized paths for cpv with to visit=dac,fft
Memorized paths for eyb with to visit=dac,fft
Memorized paths for bbp with to visit=dac,fft
Memorized paths for sgn with to visit=dac,fft
Memorized paths for muu with to visit=dac,fft
Memorized paths for rpg with to visit=dac,fft
Memorized paths for saz with to visit=dac,fft
Memorized paths for mxi with to visit=dac,fft
Memorized paths for saz with to visit=dac,fft
Memorized paths for xtu with to visit=dac,fft
Memorized paths for mxi with to visit=dac,fft
Memorized paths for abi with to visit=dac,fft
Memorized paths for ntl with to visit=dac,fft
Memorized paths for sin with to visit=dac,fft
Memorized paths for saa with to visit=dac,fft
Memorized paths for vsa with to visit=dac,fft
Memorized paths for fib with to visit=dac,fft
Memorized paths for ngw with to visit=dac,fft
Memorized paths for ajw with to visit=dac,fft
Memorized paths for ntl with to visit=dac,fft
Memorized paths for onj with to visit=dac,fft
Memorized paths for zcj with to visit=dac,fft
Memorized paths for ajw with to visit=dac,fft
Memorized paths for ntl with to visit=dac,fft
Memorized paths for qme with to visit=dac,fft
Memorized paths for bit with to visit=dac,fft
Memorized paths for huu with to visit=dac,fft
Memorized paths for cup with to visit=dac,fft
Memorized paths for muv with to visit=dac,fft
Memorized paths for cup with to visit=dac,fft
Memorized paths for zvv with to visit=dac,fft
Memorized paths for yll with to visit=dac,fft
Memorized paths for obc with to visit=dac,fft
Memorized paths for mcq with to visit=dac,fft
Memorized paths for dfp with to visit=dac,fft
Memorized paths for gvd with to visit=dac,fft
Memorized paths for sdm with to visit=dac,fft
Memorized paths for ggp with to visit=dac,fft
Memorized paths for slf with to visit=dac,fft
Memorized paths for pjc with to visit=dac,fft
Memorized paths for nkj with to visit=dac,fft
Memorized paths for pjc with to visit=dac,fft
Memorized paths for dlw with to visit=dac,fft
Memorized paths for cpv with to visit=dac,fft
Memorized paths for bqy with to visit=dac,fft
Memorized paths for ull with to visit=dac,fft
Memorized paths for bit with to visit=dac,fft
Memorized paths for eih with to visit=dac,fft
Memorized paths for kla with to visit=dac,fft
Memorized paths for pjc with to visit=dac,fft
Memorized paths for slf with to visit=dac,fft
Memorized paths for gjw with to visit=dac,fft
Memorized paths for rmp with to visit=dac,fft
Memorized paths for vnl with to visit=dac,fft
Memorized paths for qxa with to visit=dac,fft
Memorized paths for vvx with to visit=dac,fft
Memorized paths for dek with to visit=dac,fft
Memorized paths for xzo with to visit=dac,fft
Memorized paths for xao with to visit=dac,fft
Memorized paths for vtg with to visit=dac,fft
Memorized paths for aqb with to visit=dac,fft
Memorized paths for dqn with to visit=dac,fft
Memorized paths for boh with to visit=dac,fft
Memorized paths for pjc with to visit=dac,fft
Memorized paths for sdm with to visit=dac,fft
Memorized paths for slf with to visit=dac,fft
Memorized paths for thp with to visit=dac,fft
Memorized paths for cbe with to visit=dac,fft
Memorized paths for mhy with to visit=dac,fft
Memorized paths for hyb with to visit=dac,fft
Memorized paths for lpu with to visit=dac,fft
Memorized paths for gjw with to visit=dac,fft
Memorized paths for vvx with to visit=dac,fft
Memorized paths for rmp with to visit=dac,fft
Memorized paths for you with to visit=dac,fft
Memorized paths for xlv with to visit=dac,fft
Memorized paths for xlv with to visit=dac,fft
Memorized paths for kqf with to visit=dac,fft
Memorized paths for kqf with to visit=dac,fft
Memorized paths for ait with to visit=dac,fft
Memorized paths for cbp with to visit=dac,fft
Memorized paths for ikr with to visit=dac,fft
Memorized paths for zaq with to visit=dac,fft
Memorized paths for ikr with to visit=dac,fft
Memorized paths for fsj with to visit=dac,fft
Memorized paths for mhb with to visit=dac,fft
Memorized paths for zaq with to visit=dac,fft
Memorized paths for ibh with to visit=dac,fft
Memorized paths for qnb with to visit=dac,fft
Memorized paths for zaq with to visit=dac,fft
Memorized paths for ait with to visit=dac,fft
Memorized paths for azs with to visit=dac,fft
Memorized paths for you with to visit=dac,fft
Memorized paths for ait with to visit=dac,fft
Memorized paths for azs with to visit=dac,fft
Memorized paths for nfy with to visit=dac,fft
Memorized paths for ymg with to visit=dac,fft
Memorized paths for oac with to visit=dac,fft
Memorized paths for ymg with to visit=dac,fft
Memorized paths for nfy with to visit=dac,fft
Memorized paths for you with to visit=dac,fft
Memorized paths for brt with to visit=fft
Memorized paths for rkg with to visit=fft
Memorized paths for brt with to visit=fft
Memorized paths for axj with to visit=fft
Memorized paths for stq with to visit=fft
Memorized paths for icx with to visit=fft
Memorized paths for sou with to visit=fft
Memorized paths for gql with to visit=fft
Memorized paths for icx with to visit=fft
Memorized paths for nlz with to visit=fft
Memorized paths for pjh with to visit=fft
Memorized paths for stq with to visit=fft
Memorized paths for pno with to visit=fft
Memorized paths for czo with to visit=fft
Memorized paths for hcv with to visit=fft
Memorized paths for uyk with to visit=fft
Memorized paths for iwt with to visit=fft
Memorized paths for stq with to visit=fft
Memorized paths for fri with to visit=fft
Memorized paths for lix with to visit=fft
Memorized paths for pxm with to visit=fft
Memorized paths for lix with to visit=fft
Memorized paths for fri with to visit=fft
Memorized paths for dyk with to visit=fft
Memorized paths for wzi with to visit=fft
Memorized paths for xyb with to visit=fft
Memorized paths for fgk with to visit=fft
Memorized paths for nzm with to visit=fft
Memorized paths for dbf with to visit=fft
Memorized paths for ska with to visit=fft
Memorized paths for zsd with to visit=fft
Memorized paths for irn with to visit=fft
Memorized paths for yki with to visit=fft
Memorized paths for xgm with to visit=fft
Memorized paths for akj with to visit=fft
Memorized paths for vqp with to visit=fft
Memorized paths for jqo with to visit=fft
Memorized paths for xgm with to visit=fft
Memorized paths for rpg with to visit=fft
Memorized paths for muu with to visit=fft
Memorized paths for jqo with to visit=fft
Memorized paths for xgm with to visit=fft
Memorized paths for yki with to visit=fft
Memorized paths for hdx with to visit=fft
Memorized paths for eyb with to visit=fft
Memorized paths for bbp with to visit=fft
Memorized paths for oam with to visit=fft
Memorized paths for oam with to visit=fft
Memorized paths for tfm with to visit=fft
Memorized paths for twf with to visit=fft
Memorized paths for tzg with to visit=fft
Memorized paths for mej with to visit=fft
Memorized paths for czj with to visit=fft
Memorized paths for yqk with to visit=fft
Memorized paths for twf with to visit=fft
Memorized paths for oam with to visit=fft
Memorized paths for tzg with to visit=fft
Memorized paths for mej with to visit=fft
Memorized paths for ttd with to visit=fft
Memorized paths for vhf with to visit=fft
Memorized paths for yuo with to visit=fft
Memorized paths for vhf with to visit=fft
Memorized paths for yqk with to visit=fft
Memorized paths for czj with to visit=fft
Memorized paths for igz with to visit=fft
Memorized paths for ucw with to visit=fft
Memorized paths for yuo with to visit=fft
Memorized paths for dyk with to visit=fft
Memorized paths for wzi with to visit=fft
Memorized paths for dbf with to visit=fft
Memorized paths for nwo with to visit=fft
Memorized paths for wzi with to visit=fft
Memorized paths for kfo with to visit=fft
Memorized paths for dbf with to visit=fft
Memorized paths for ykf with to visit=fft
Memorized paths for ohf with to visit=fft
Memorized paths for bti with to visit=fft
Memorized paths for uym with to visit=fft
Memorized paths for gby with to visit=fft
Memorized paths for whx with to visit=fft
Memorized paths for dyk with to visit=fft
Memorized paths for ziz with to visit=fft
Memorized paths for xsi with to visit=fft
Memorized paths for ohf with to visit=fft
Memorized paths for cpv with to visit=fft
Memorized paths for eyb with to visit=fft
Memorized paths for bbp with to visit=fft
Memorized paths for sgn with to visit=fft
Memorized paths for muu with to visit=fft
Memorized paths for rpg with to visit=fft
Memorized paths for saz with to visit=fft
Memorized paths for mxi with to visit=fft
Memorized paths for saz with to visit=fft
Memorized paths for xtu with to visit=fft
Memorized paths for mxi with to visit=fft
Memorized paths for abi with to visit=fft
Memorized paths for ntl with to visit=fft
Memorized paths for sin with to visit=fft
Memorized paths for saa with to visit=fft
Memorized paths for vsa with to visit=fft
Memorized paths for fib with to visit=fft
Memorized paths for ngw with to visit=fft
Memorized paths for ajw with to visit=fft
Memorized paths for ntl with to visit=fft
Memorized paths for onj with to visit=fft
Memorized paths for zcj with to visit=fft
Memorized paths for ajw with to visit=fft
Memorized paths for ntl with to visit=fft
Memorized paths for qme with to visit=fft
Memorized paths for bit with to visit=fft
Memorized paths for huu with to visit=fft
Memorized paths for cup with to visit=fft
Memorized paths for muv with to visit=fft
Memorized paths for cup with to visit=fft
Memorized paths for zvv with to visit=fft
Memorized paths for yll with to visit=fft
Memorized paths for obc with to visit=fft
Memorized paths for mcq with to visit=fft
Memorized paths for dfp with to visit=fft
Memorized paths for gvd with to visit=fft
Memorized paths for sdm with to visit=fft
Memorized paths for ggp with to visit=fft
Memorized paths for slf with to visit=fft
Memorized paths for pjc with to visit=fft
Memorized paths for nkj with to visit=fft
Memorized paths for pjc with to visit=fft
Memorized paths for dlw with to visit=fft
Memorized paths for cpv with to visit=fft
Memorized paths for bqy with to visit=fft
Memorized paths for ull with to visit=fft
Memorized paths for bit with to visit=fft
Memorized paths for eih with to visit=fft
Memorized paths for kla with to visit=fft
Memorized paths for pjc with to visit=fft
Memorized paths for slf with to visit=fft
Memorized paths for ymg with to visit=fft
Memorized paths for dqn with to visit=fft
Memorized paths for xzo with to visit=fft
Memorized paths for xao with to visit=fft
Memorized paths for vtg with to visit=fft
Memorized paths for pjc with to visit=fft
Memorized paths for sdm with to visit=fft
Memorized paths for slf with to visit=fft
Memorized paths for thp with to visit=fft
Memorized paths for cbe with to visit=fft
Memorized paths for mhy with to visit=fft
Memorized paths for hyb with to visit=fft
Memorized paths for lpu with to visit=fft
Memorized paths for gjw with to visit=fft
Memorized paths for vvx with to visit=fft
Memorized paths for rmp with to visit=fft
Memorized paths for gjw with to visit=fft
Memorized paths for rmp with to visit=fft
Memorized paths for vnl with to visit=fft
Memorized paths for qxa with to visit=fft
Memorized paths for vvx with to visit=fft
Memorized paths for dek with to visit=fft
Memorized paths for boh with to visit=fft
Memorized paths for aqb with to visit=fft
Memorized paths for ait with to visit=fft
Memorized paths for azs with to visit=fft
Memorized paths for wag with to visit=dac,fft
Memorized paths for epo with to visit=dac,fft
Memorized paths for emj with to visit=dac,fft
Memorized paths for ezf with to visit=dac,fft
Memorized paths for mea with to visit=dac,fft
Memorized paths for tet with to visit=dac,fft
Memorized paths for tet with to visit=dac,fft
Memorized paths for pkr with to visit=fft
Memorized paths for emj with to visit=fft
Memorized paths for ezf with to visit=dac,fft
Memorized paths for ait with to visit=dac,fft
Memorized paths for azs with to visit=dac,fft
Memorized paths for you with to visit=dac,fft
Memorized paths for ait with to visit=dac,fft
Memorized paths for azs with to visit=dac,fft
Memorized paths for ait with to visit=dac,fft
Memorized paths for azs with to visit=dac,fft
Memorized paths for you with to visit=dac,fft
Memorized paths for jrd with to visit=dac,fft
Memorized paths for xip with to visit=dac,fft
Memorized paths for hgk with to visit=dac,fft
Memorized paths for mel with to visit=dac,fft
Memorized paths for mea with to visit=dac,fft
Memorized paths for ezf with to visit=dac,fft
Memorized paths for jnx with to visit=dac,fft
Memorized paths for wfa with to visit=dac,fft
Memorized paths for azs with to visit=dac,fft
Memorized paths for you with to visit=dac,fft
Memorized paths for ait with to visit=dac,fft
Memorized paths for you with to visit=dac,fft
Memorized paths for ait with to visit=dac,fft
Memorized paths for azs with to visit=dac,fft
Memorized paths for oqr with to visit=dac,fft
Memorized paths for elj with to visit=dac,fft
Memorized paths for lww with to visit=dac,fft
Memorized paths for you with to visit=dac,fft
Memorized paths for azs with to visit=dac,fft
Memorized paths for ait with to visit=dac,fft
Memorized paths for you with to visit=dac,fft
Memorized paths for azs with to visit=dac,fft
Memorized paths for azs with to visit=dac,fft
Memorized paths for ait with to visit=dac,fft
Memorized paths for tmc with to visit=dac,fft
Memorized paths for ait with to visit=dac,fft
Memorized paths for you with to visit=dac,fft
Memorized paths for azs with to visit=dac,fft
Memorized paths for tmc with to visit=dac,fft
Memorized paths for qjr with to visit=dac,fft
Memorized paths for uhx with to visit=dac,fft
Memorized paths for ebl with to visit=dac,fft
Memorized paths for ose with to visit=dac,fft
Memorized paths for vyb with to visit=dac,fft
Memorized paths for jpk with to visit=dac,fft
Memorized paths for dwm with to visit=dac,fft
Memorized paths for fvq with to visit=dac,fft
Memorized paths for oqr with to visit=dac,fft
Memorized paths for elj with to visit=dac,fft
Memorized paths for fvq with to visit=dac,fft
Memorized paths for fvq with to visit=dac,fft
Memorized paths for hgk with to visit=dac,fft
Memorized paths for mel with to visit=dac,fft
Memorized paths for jrd with to visit=dac,fft
Memorized paths for xip with to visit=dac,fft
Memorized paths for vum with to visit=dac,fft
Memorized paths for ema with to visit=dac,fft
Memorized paths for mjl with to visit=dac,fft
Memorized paths for mca with to visit=dac,fft
Memorized paths for elj with to visit=dac,fft
Memorized paths for oqr with to visit=dac,fft
Memorized paths for jbg with to visit=dac,fft
Memorized paths for vyb with to visit=dac,fft
Memorized paths for wzd with to visit=dac,fft
Memorized paths for une with to visit=dac,fft
Memorized paths for jnx with to visit=dac,fft
Memorized paths for wfa with to visit=dac,fft
Memorized paths for dwm with to visit=dac,fft
Memorized paths for swg with to visit=dac,fft
Memorized paths for ema with to visit=dac,fft
Memorized paths for mca with to visit=dac,fft
Memorized paths for ljb with to visit=dac,fft
Memorized paths for kno with to visit=dac,fft
Memorized paths for ida with to visit=dac,fft
Memorized paths for amj with to visit=dac,fft
Memorized paths for lox with to visit=dac,fft
Memorized paths for dpg with to visit=dac,fft
Memorized paths for clu with to visit=dac,fft
Memorized paths for byi with to visit=dac,fft
Memorized paths for opz with to visit=dac,fft
Memorized paths for vep with to visit=dac,fft
Memorized paths for clu with to visit=dac,fft
Memorized paths for byi with to visit=dac,fft
Memorized paths for yxz with to visit=dac,fft
Memorized paths for fln with to visit=dac,fft
Memorized paths for coj with to visit=dac,fft
Memorized paths for arv with to visit=dac,fft
Memorized paths for tmr with to visit=dac,fft
Memorized paths for amj with to visit=dac,fft
Memorized paths for dpg with to visit=dac,fft
Memorized paths for lox with to visit=dac,fft
Memorized paths for inl with to visit=dac,fft
Memorized paths for iqc with to visit=dac,fft
Memorized paths for opz with to visit=dac,fft
Memorized paths for tlw with to visit=dac,fft
Memorized paths for cwg with to visit=dac,fft
Memorized paths for kno with to visit=dac,fft
Memorized paths for ida with to visit=dac,fft
Memorized paths for ida with to visit=dac,fft
Memorized paths for kno with to visit=dac,fft
Memorized paths for tlw with to visit=dac,fft
Memorized paths for opz with to visit=dac,fft
Memorized paths for iqc with to visit=dac,fft
Memorized paths for inl with to visit=dac,fft
Memorized paths for lox with to visit=dac,fft
Memorized paths for arv with to visit=dac,fft
Memorized paths for coj with to visit=dac,fft
Memorized paths for fln with to visit=dac,fft
Memorized paths for yxz with to visit=dac,fft
Memorized paths for clu with to visit=dac,fft
Memorized paths for vep with to visit=dac,fft
Memorized paths for dpg with to visit=dac,fft
Memorized paths for lox with to visit=dac,fft
Memorized paths for iqc with to visit=dac,fft
Memorized paths for inl with to visit=dac,fft
Memorized paths for tlw with to visit=dac,fft
Memorized paths for opz with to visit=dac,fft
Memorized paths for kno with to visit=dac,fft
Memorized paths for byi with to visit=dac,fft
Memorized paths for yxz with to visit=dac,fft
Memorized paths for ljb with to visit=dac,fft
Memorized paths for fln with to visit=dac,fft
Memorized paths for jyv with to visit=dac,fft
Memorized paths for wts with to visit=dac,fft
Memorized paths for kiv with to visit=dac,fft
Memorized paths for wts with to visit=dac,fft
Memorized paths for iup with to visit=dac,fft
Memorized paths for xpi with to visit=dac,fft
Memorized paths for swf with to visit=dac,fft
Memorized paths for ocz with to visit=dac,fft
Memorized paths for taj with to visit=dac,fft
Memorized paths for izb with to visit=dac,fft
Memorized paths for rmm with to visit=dac,fft
Memorized paths for aci with to visit=dac,fft
Memorized paths for iqs with to visit=dac,fft
Memorized paths for iup with to visit=dac,fft
Memorized paths for xpi with to visit=dac,fft
Memorized paths for kiv with to visit=dac,fft
Memorized paths for wts with to visit=dac,fft
Memorized paths for jyv with to visit=dac,fft
Memorized paths for kiv with to visit=dac,fft
Memorized paths for wts with to visit=dac,fft
Memorized paths for xpi with to visit=dac,fft
Memorized paths for wts with to visit=dac,fft
Memorized paths for kiv with to visit=dac,fft
Memorized paths for xpi with to visit=dac,fft
Memorized paths for iup with to visit=dac,fft
Memorized paths for xpi with to visit=dac,fft
Memorized paths for kiv with to visit=dac,fft
Memorized paths for jyv with to visit=dac,fft
Memorized paths for wts with to visit=dac,fft
Memorized paths for kiv with to visit=dac,fft
Memorized paths for xpi with to visit=dac,fft
Memorized paths for qtz with to visit=dac,fft
Memorized paths for vai with to visit=dac,fft
Memorized paths for qtz with to visit=dac,fft
Memorized paths for wcq with to visit=dac,fft
Memorized paths for ptr with to visit=dac,fft
Memorized paths for vai with to visit=dac,fft
Memorized paths for uyp with to visit=dac,fft
Memorized paths for uvi with to visit=dac,fft
Memorized paths for uyp with to visit=dac,fft
Memorized paths for vai with to visit=dac,fft
Memorized paths for ptr with to visit=dac,fft
Memorized paths for wcq with to visit=dac,fft
Memorized paths for zpd with to visit=dac,fft
Memorized paths for fgz with to visit=dac,fft
Memorized paths for jqr with to visit=dac,fft
Memorized paths for idy with to visit=dac,fft
Memorized paths for khf with to visit=dac,fft
Memorized paths for jts with to visit=dac,fft
Memorized paths for idy with to visit=dac,fft
Memorized paths for gvq with to visit=dac,fft
Memorized paths for hox with to visit=dac,fft
Memorized paths for nop with to visit=dac,fft
Memorized paths for jqr with to visit=dac,fft
Memorized paths for fgz with to visit=dac,fft
Memorized paths for ytc with to visit=dac,fft
Memorized paths for ytc with to visit=dac,fft
Memorized paths for kiv with to visit=dac,fft
Memorized paths for wts with to visit=dac,fft
Memorized paths for jyv with to visit=dac,fft
Memorized paths for kiv with to visit=dac,fft
Memorized paths for wts with to visit=dac,fft
Memorized paths for iup with to visit=dac,fft
Memorized paths for xpi with to visit=dac,fft
Memorized paths for wts with to visit=dac,fft
Memorized paths for kiv with to visit=dac,fft
Memorized paths for jyv with to visit=dac,fft
Memorized paths for xpi with to visit=dac,fft
Memorized paths for iup with to visit=dac,fft
Memorized paths for kiv with to visit=dac,fft
Memorized paths for wts with to visit=dac,fft
Memorized paths for xpi with to visit=dac,fft
Memorized paths for def with to visit=dac,fft
Memorized paths for ywu with to visit=dac,fft
Memorized paths for lln with to visit=dac,fft
Memorized paths for ywu with to visit=dac,fft
Memorized paths for def with to visit=dac,fft
Memorized paths for iup with to visit=dac,fft
Memorized paths for xpi with to visit=dac,fft
Memorized paths for kiv with to visit=dac,fft
Memorized paths for fwn with to visit=dac,fft
Memorized paths for irc with to visit=dac,fft
Memorized paths for lln with to visit=dac,fft
Memorized paths for iup with to visit=dac,fft
Memorized paths for xpi with to visit=dac,fft
Memorized paths for jyv with to visit=dac,fft
Memorized paths for kiv with to visit=dac,fft
Memorized paths for wts with to visit=dac,fft
Memorized paths for wts with to visit=dac,fft
Memorized paths for kiv with to visit=dac,fft
Memorized paths for iup with to visit=dac,fft
Memorized paths for xpi with to visit=dac,fft
Memorized paths for wts with to visit=dac,fft
Memorized paths for xpi with to visit=dac,fft
Memorized paths for zmv with to visit=dac,fft
Memorized paths for hcc with to visit=dac,fft
Memorized paths for vqi with to visit=dac,fft
Memorized paths for vqi with to visit=dac,fft
Memorized paths for npn with to visit=dac,fft
Memorized paths for krf with to visit=dac,fft
Memorized paths for zvm with to visit=dac,fft
Memorized paths for ckr with to visit=dac,fft
Memorized paths for vqi with to visit=dac,fft
Memorized paths for hcc with to visit=dac,fft
Memorized paths for akg with to visit=dac,fft
Memorized paths for sub with to visit=dac,fft
Memorized paths for npn with to visit=dac,fft
Memorized paths for xsn with to visit=dac,fft
Memorized paths for dmr with to visit=dac,fft
Memorized paths for cnn with to visit=dac,fft
Memorized paths for gvq with to visit=dac,fft
Memorized paths for zmv with to visit=dac,fft
Memorized paths for fsk with to visit=dac,fft
Memorized paths for kiv with to visit=dac,fft
Memorized paths for iup with to visit=dac,fft
Memorized paths for vfu with to visit=dac,fft
Memorized paths for iup with to visit=dac,fft
Memorized paths for xpi with to visit=dac,fft
Memorized paths for jyv with to visit=dac,fft
Memorized paths for hgq with to visit=dac,fft
Memorized paths for kiv with to visit=dac,fft
Memorized paths for wts with to visit=dac,fft
Memorized paths for iup with to visit=dac,fft
Memorized paths for xpi with to visit=dac,fft
Memorized paths for vfu with to visit=dac,fft
Memorized paths for plu with to visit=dac,fft
Memorized paths for hgq with to visit=dac,fft
Memorized paths for vfu with to visit=dac,fft
Memorized paths for yxo with to visit=dac,fft
Memorized paths for jmm with to visit=dac,fft
Memorized paths for roz with to visit=dac,fft
Memorized paths for jwc with to visit=dac,fft
Memorized paths for fsk with to visit=dac,fft
Memorized paths for qdm with to visit=dac,fft
Memorized paths for hgq with to visit=dac,fft
Memorized paths for plu with to visit=dac,fft
Memorized paths for hxe with to visit=dac,fft
Memorized paths for gnm with to visit=dac,fft
Memorized paths for hox with to visit=dac,fft
Memorized paths for qkv with to visit=dac,fft
Memorized paths for uht with to visit=dac,fft
Memorized paths for ghl with to visit=dac,fft
Memorized paths for fdx with to visit=dac,fft
Memorized paths for jwm with to visit=dac,fft
Memorized paths for nbu with to visit=dac,fft
Memorized paths for mpz with to visit=dac,fft
Memorized paths for fwn with to visit=dac,fft
Memorized paths for dmr with to visit=dac,fft
Memorized paths for xsn with to visit=dac,fft
Memorized paths for uht with to visit=dac,fft
Memorized paths for rsw with to visit=dac,fft
Memorized paths for nbu with to visit=dac,fft
Memorized paths for tpv with to visit=dac,fft
Memorized paths for fdx with to visit=dac,fft
Memorized paths for fmw with to visit=dac,fft
Memorized paths for tot with to visit=dac,fft
Memorized paths for mpz with to visit=dac,fft
Memorized paths for sda with to visit=dac,fft
Memorized paths for qkv with to visit=dac,fft
Memorized paths for gkr with to visit=dac,fft
Memorized paths for hmr with to visit=dac,fft
Memorized paths for ghl with to visit=dac,fft
Memorized paths for hfi with to visit=dac,fft
Memorized paths for hyn with to visit=dac,fft
Memorized paths for flo with to visit=dac,fft
Memorized paths for qou with to visit=dac,fft
Memorized paths for jwi with to visit=dac,fft
Memorized paths for rsw with to visit=dac,fft
Memorized paths for jwm with to visit=dac,fft
Memorized paths for dkt with to visit=dac,fft
Memorized paths for flo with to visit=dac,fft
Memorized paths for qou with to visit=dac,fft
Memorized paths for dkt with to visit=dac,fft
Memorized paths for sda with to visit=dac,fft
Memorized paths for fdx with to visit=dac,fft
Memorized paths for ghl with to visit=dac,fft
Memorized paths for hfi with to visit=dac,fft
Memorized paths for rqt with to visit=dac,fft
Memorized paths for xgi with to visit=dac,fft
Memorized paths for vbf with to visit=dac,fft
Memorized paths for mfw with to visit=dac,fft
Memorized paths for xgi with to visit=dac,fft
Memorized paths for vbf with to visit=dac,fft
Memorized paths for zal with to visit=dac,fft
Memorized paths for kei with to visit=dac,fft
Memorized paths for cwr with to visit=dac,fft
Memorized paths for xxc with to visit=dac,fft
Memorized paths for xxc with to visit=dac,fft
Memorized paths for kei with to visit=dac,fft
Memorized paths for hbi with to visit=dac,fft
Memorized paths for nvt with to visit=dac,fft
Memorized paths for xgi with to visit=dac,fft
Memorized paths for rqt with to visit=dac,fft
Memorized paths for zal with to visit=dac,fft
Memorized paths for xgi with to visit=dac,fft
Memorized paths for rqt with to visit=dac,fft
Memorized paths for djb with to visit=dac,fft
Memorized paths for vbf with to visit=dac,fft
Memorized paths for xgi with to visit=dac,fft
Memorized paths for mfw with to visit=dac,fft
Memorized paths for zal with to visit=dac,fft
Memorized paths for xgi with to visit=dac,fft
Memorized paths for djb with to visit=dac,fft
Memorized paths for vqm with to visit=dac,fft
Memorized paths for hzj with to visit=dac,fft
Memorized paths for vqm with to visit=dac,fft
Memorized paths for hzj with to visit=dac,fft
Memorized paths for iyu with to visit=dac,fft
Memorized paths for dfx with to visit=dac,fft
Memorized paths for dpy with to visit=dac,fft
Memorized paths for dsb with to visit=dac,fft
Memorized paths for zgj with to visit=dac,fft
Memorized paths for dsb with to visit=dac,fft
Memorized paths for dfx with to visit=dac,fft
Memorized paths for iwv with to visit=dac,fft
Memorized paths for mre with to visit=dac,fft
Memorized paths for tcc with to visit=dac,fft
Memorized paths for dpy with to visit=dac,fft
Memorized paths for iwv with to visit=dac,fft
Memorized paths for dfx with to visit=dac,fft
Memorized paths for mre with to visit=dac,fft
Memorized paths for fqh with to visit=dac,fft
Memorized paths for rqt with to visit=dac,fft
Memorized paths for xgi with to visit=dac,fft
Memorized paths for vbf with to visit=dac,fft
Memorized paths for mfw with to visit=dac,fft
Memorized paths for zal with to visit=dac,fft
Memorized paths for vbf with to visit=dac,fft
Memorized paths for rqt with to visit=dac,fft
Memorized paths for rqt with to visit=dac,fft
Memorized paths for xgi with to visit=dac,fft
Memorized paths for vbf with to visit=dac,fft
Memorized paths for zal with to visit=dac,fft
Memorized paths for mfw with to visit=dac,fft
Memorized paths for rpr with to visit=dac,fft
Memorized paths for xgi with to visit=dac,fft
Memorized paths for rqt with to visit=dac,fft
Memorized paths for zal with to visit=dac,fft
Memorized paths for vbf with to visit=dac,fft
Memorized paths for tfd with to visit=dac,fft
Memorized paths for qlf with to visit=dac,fft
Memorized paths for lli with to visit=dac,fft
Memorized paths for rzf with to visit=dac,fft
Memorized paths for qlf with to visit=dac,fft
Memorized paths for dvq with to visit=dac,fft
Memorized paths for xpo with to visit=dac,fft
Memorized paths for ydo with to visit=dac,fft
Memorized paths for xpo with to visit=dac,fft
Memorized paths for ame with to visit=dac,fft
Memorized paths for bwh with to visit=dac,fft
Memorized paths for mfw with to visit=dac,fft
Memorized paths for zal with to visit=dac,fft
Memorized paths for xgi with to visit=dac,fft
Memorized paths for rqt with to visit=dac,fft
Memorized paths for mfw with to visit=dac,fft
Memorized paths for vbf with to visit=dac,fft
Memorized paths for xgi with to visit=dac,fft
Memorized paths for rqt with to visit=dac,fft
Memorized paths for vwr with to visit=dac,fft
Memorized paths for rqt with to visit=dac,fft
Memorized paths for vbf with to visit=dac,fft
Memorized paths for vbf with to visit=dac,fft
Memorized paths for zal with to visit=dac,fft
Memorized paths for mfw with to visit=dac,fft
Memorized paths for xgi with to visit=dac,fft
Memorized paths for jsv with to visit=dac,fft
Memorized paths for pul with to visit=dac,fft
Memorized paths for evh with to visit=dac,fft
Memorized paths for tya with to visit=dac,fft
Memorized paths for skt with to visit=dac,fft
Memorized paths for jsv with to visit=dac,fft
Memorized paths for evh with to visit=dac,fft
Memorized paths for fxi with to visit=dac,fft
Memorized paths for jnl with to visit=dac,fft
Memorized paths for pvx with to visit=dac,fft
Memorized paths for evh with to visit=dac,fft
Memorized paths for xet with to visit=dac,fft
Memorized paths for sbn with to visit=dac,fft
Memorized paths for kyp with to visit=dac,fft
Memorized paths for mfw with to visit=dac,fft
Memorized paths for rqt with to visit=dac,fft
Memorized paths for xgi with to visit=dac,fft
Memorized paths for vbf with to visit=dac,fft
Memorized paths for mfw with to visit=dac,fft
Memorized paths for ftt with to visit=dac,fft
Memorized paths for xgi with to visit=dac,fft
Memorized paths for zal with to visit=dac,fft
Memorized paths for xha with to visit=dac,fft
Memorized paths for uig with to visit=dac,fft
Memorized paths for xha with to visit=dac,fft
Memorized paths for uig with to visit=dac,fft
Memorized paths for ojn with to visit=dac,fft
Memorized paths for jrw with to visit=dac,fft
Memorized paths for vti with to visit=dac,fft
Memorized paths for bdt with to visit=dac,fft
Memorized paths for bdt with to visit=dac,fft
Memorized paths for vti with to visit=dac,fft
Memorized paths for wen with to visit=dac,fft
Memorized paths for ojn with to visit=dac,fft
Memorized paths for jrw with to visit=dac,fft
Memorized paths for vti with to visit=dac,fft
Memorized paths for ojn with to visit=dac,fft
Memorized paths for gdd with to visit=dac,fft
Memorized paths for ndo with to visit=dac,fft
Memorized paths for ydo with to visit=dac,fft
Memorized paths for dnk with to visit=dac,fft
Memorized paths for hzb with to visit=dac,fft
Memorized paths for sbn with to visit=dac,fft
Memorized paths for kyp with to visit=dac,fft
Memorized paths for nup with to visit=dac,fft
Memorized paths for fhq with to visit=dac,fft
Memorized paths for anf with to visit=dac,fft
Memorized paths for hcq with to visit=dac,fft
Memorized paths for fhq with to visit=dac,fft
Memorized paths for onh with to visit=dac,fft
Memorized paths for anf with to visit=dac,fft
Memorized paths for nup with to visit=dac,fft
Memorized paths for mgq with to visit=dac,fft
Memorized paths for hcq with to visit=dac,fft
Memorized paths for anf with to visit=dac,fft
Memorized paths for njr with to visit=dac,fft
Memorized paths for zee with to visit=dac,fft
Memorized paths for auy with to visit=dac,fft
Memorized paths for yoy with to visit=dac,fft
Memorized paths for sgw with to visit=dac,fft
Memorized paths for uef with to visit=dac,fft
Memorized paths for zgj with to visit=dac,fft
Memorized paths for ygr with to visit=dac,fft
Memorized paths for tcc with to visit=dac,fft
Memorized paths for fqh with to visit=dac,fft
Memorized paths for lpf with to visit=dac,fft
Memorized paths for xdg with to visit=dac,fft
Memorized paths for jgx with to visit=dac,fft
Memorized paths for gcx with to visit=dac,fft
Memorized paths for ouk with to visit=dac,fft
Memorized paths for kfp with to visit=dac,fft
Memorized paths for eje with to visit=dac,fft
Memorized paths for fqh with to visit=dac,fft
Memorized paths for xrs with to visit=dac,fft
Memorized paths for wxc with to visit=dac,fft
Memorized paths for ouk with to visit=dac,fft
Memorized paths for yoy with to visit=dac,fft
Memorized paths for gcx with to visit=dac,fft
Memorized paths for gdd with to visit=dac,fft
Memorized paths for pwo with to visit=dac,fft
Memorized paths for ihu with to visit=dac,fft
Memorized paths for jgx with to visit=dac,fft
Memorized paths for bsu with to visit=dac,fft
Memorized paths for gmk with to visit=dac,fft
Memorized paths for kdr with to visit=dac,fft
Memorized paths for fqh with to visit=dac,fft
Memorized paths for ual with to visit=dac,fft
Memorized paths for njr with to visit=dac,fft
Memorized paths for bba with to visit=dac,fft
Memorized paths for hkj with to visit=dac,fft
Memorized paths for dny with to visit=dac,fft
Memorized paths for uzy with to visit=dac,fft
Memorized paths for bba with to visit=dac,fft
Memorized paths for njr with to visit=dac,fft
Memorized paths for ual with to visit=dac,fft
Memorized paths for zee with to visit=dac,fft
Memorized paths for yoy with to visit=dac,fft
Memorized paths for sgw with to visit=dac,fft
Memorized paths for yji with to visit=dac,fft
Memorized paths for wxc with to visit=dac,fft
Memorized paths for qry with to visit=dac,fft
Memorized paths for fxx with to visit=dac,fft
Memorized paths for kfp with to visit=dac,fft
Memorized paths for lgq with to visit=dac,fft
Memorized paths for uhf with to visit=dac,fft
Memorized paths for hkj with to visit=dac,fft
Memorized paths for sjx with to visit=dac,fft
Memorized paths for xxd with to visit=dac,fft
Memorized paths for nkx with to visit=dac,fft
Memorized paths for nkx with to visit=dac,fft
Memorized paths for nyp with to visit=dac,fft
Memorized paths for kqt with to visit=dac,fft
Memorized paths for tqk with to visit=dac,fft
Memorized paths for dny with to visit=dac,fft
Memorized paths for uhf with to visit=dac,fft
Memorized paths for hkj with to visit=dac,fft
Memorized paths for uzy with to visit=dac,fft
Memorized paths for hkj with to visit=dac,fft
Memorized paths for uzy with to visit=dac,fft
Memorized paths for dny with to visit=dac,fft
Memorized paths for uhf with to visit=dac,fft
Memorized paths for uhf with to visit=dac,fft
Memorized paths for knl with to visit=dac,fft
Memorized paths for wdm with to visit=dac,fft
Memorized paths for pmw with to visit=dac,fft
Memorized paths for qci with to visit=dac,fft
Memorized paths for eai with to visit=dac,fft
Memorized paths for vwe with to visit=dac,fft
Memorized paths for uhf with to visit=dac,fft
Memorized paths for dny with to visit=dac,fft
Memorized paths for dny with to visit=dac,fft
Memorized paths for uzy with to visit=dac,fft
Memorized paths for uzy with to visit=dac,fft
Memorized paths for dny with to visit=dac,fft
Memorized paths for rct with to visit=dac,fft
Memorized paths for htn with to visit=dac,fft
Memorized paths for iqz with to visit=dac,fft
Memorized paths for hkj with to visit=dac,fft
Memorized paths for uzy with to visit=dac,fft
Memorized paths for otm with to visit=dac,fft
Memorized paths for fmd with to visit=dac,fft
Memorized paths for fmd with to visit=dac,fft
Memorized paths for vht with to visit=dac,fft
Memorized paths for iqz with to visit=dac,fft
Memorized paths for htn with to visit=dac,fft
Memorized paths for fmd with to visit=dac,fft
Memorized paths for aqu with to visit=dac,fft
Memorized paths for nkx with to visit=dac,fft
Memorized paths for nyp with to visit=dac,fft
Memorized paths for xhb with to visit=dac,fft
Memorized paths for fzk with to visit=dac,fft
Memorized paths for owp with to visit=dac,fft
Memorized paths for tqk with to visit=dac,fft
Memorized paths for sqq with to visit=dac,fft
Memorized paths for brt with to visit=dac
Memorized paths for rkg with to visit=dac
Memorized paths for brt with to visit=dac
Memorized paths for axj with to visit=dac
Memorized paths for stq with to visit=dac
Memorized paths for icx with to visit=dac
Memorized paths for sou with to visit=dac
Memorized paths for gql with to visit=dac
Memorized paths for icx with to visit=dac
Memorized paths for nlz with to visit=dac
Memorized paths for pjh with to visit=dac
Memorized paths for stq with to visit=dac
Memorized paths for pno with to visit=dac
Memorized paths for czo with to visit=dac
Memorized paths for hcv with to visit=dac
Memorized paths for uyk with to visit=dac
Memorized paths for iwt with to visit=dac
Memorized paths for stq with to visit=dac
Memorized paths for fri with to visit=dac
Memorized paths for lix with to visit=dac
Memorized paths for pxm with to visit=dac
Memorized paths for lix with to visit=dac
Memorized paths for fri with to visit=dac
Memorized paths for dyk with to visit=dac
Memorized paths for wzi with to visit=dac
Memorized paths for xyb with to visit=dac
Memorized paths for fgk with to visit=dac
Memorized paths for nzm with to visit=dac
Memorized paths for dbf with to visit=dac
Memorized paths for ska with to visit=dac
Memorized paths for zsd with to visit=dac
Memorized paths for irn with to visit=dac
Memorized paths for yki with to visit=dac
Memorized paths for xgm with to visit=dac
Memorized paths for akj with to visit=dac
Memorized paths for vqp with to visit=dac
Memorized paths for jqo with to visit=dac
Memorized paths for xgm with to visit=dac
Memorized paths for rpg with to visit=dac
Memorized paths for muu with to visit=dac
Memorized paths for jqo with to visit=dac
Memorized paths for xgm with to visit=dac
Memorized paths for yki with to visit=dac
Memorized paths for hdx with to visit=dac
Memorized paths for eyb with to visit=dac
Memorized paths for bbp with to visit=dac
Memorized paths for oam with to visit=dac
Memorized paths for oam with to visit=dac
Memorized paths for tfm with to visit=dac
Memorized paths for twf with to visit=dac
Memorized paths for tzg with to visit=dac
Memorized paths for mej with to visit=dac
Memorized paths for czj with to visit=dac
Memorized paths for yqk with to visit=dac
Memorized paths for twf with to visit=dac
Memorized paths for oam with to visit=dac
Memorized paths for tzg with to visit=dac
Memorized paths for mej with to visit=dac
Memorized paths for ttd with to visit=dac
Memorized paths for vhf with to visit=dac
Memorized paths for yuo with to visit=dac
Memorized paths for vhf with to visit=dac
Memorized paths for yqk with to visit=dac
Memorized paths for czj with to visit=dac
Memorized paths for igz with to visit=dac
Memorized paths for ucw with to visit=dac
Memorized paths for yuo with to visit=dac
Memorized paths for dyk with to visit=dac
Memorized paths for wzi with to visit=dac
Memorized paths for dbf with to visit=dac
Memorized paths for nwo with to visit=dac
Memorized paths for wzi with to visit=dac
Memorized paths for kfo with to visit=dac
Memorized paths for dbf with to visit=dac
Memorized paths for ykf with to visit=dac
Memorized paths for ohf with to visit=dac
Memorized paths for bti with to visit=dac
Memorized paths for uym with to visit=dac
Memorized paths for gby with to visit=dac
Memorized paths for whx with to visit=dac
Memorized paths for dyk with to visit=dac
Memorized paths for ziz with to visit=dac
Memorized paths for xsi with to visit=dac
Memorized paths for ohf with to visit=dac
Memorized paths for cpv with to visit=dac
Memorized paths for eyb with to visit=dac
Memorized paths for bbp with to visit=dac
Memorized paths for sgn with to visit=dac
Memorized paths for muu with to visit=dac
Memorized paths for rpg with to visit=dac
Memorized paths for saz with to visit=dac
Memorized paths for mxi with to visit=dac
Memorized paths for saz with to visit=dac
Memorized paths for xtu with to visit=dac
Memorized paths for mxi with to visit=dac
Memorized paths for abi with to visit=dac
Memorized paths for ntl with to visit=dac
Memorized paths for sin with to visit=dac
Memorized paths for saa with to visit=dac
Memorized paths for vsa with to visit=dac
Memorized paths for fib with to visit=dac
Memorized paths for ngw with to visit=dac
Memorized paths for ajw with to visit=dac
Memorized paths for ntl with to visit=dac
Memorized paths for onj with to visit=dac
Memorized paths for zcj with to visit=dac
Memorized paths for ajw with to visit=dac
Memorized paths for ntl with to visit=dac
Memorized paths for qme with to visit=dac
Memorized paths for bit with to visit=dac
Memorized paths for huu with to visit=dac
Memorized paths for cup with to visit=dac
Memorized paths for muv with to visit=dac
Memorized paths for cup with to visit=dac
Memorized paths for zvv with to visit=dac
Memorized paths for yll with to visit=dac
Memorized paths for obc with to visit=dac
Memorized paths for mcq with to visit=dac
Memorized paths for dfp with to visit=dac
Memorized paths for gvd with to visit=dac
Memorized paths for sdm with to visit=dac
Memorized paths for ggp with to visit=dac
Memorized paths for slf with to visit=dac
Memorized paths for pjc with to visit=dac
Memorized paths for nkj with to visit=dac
Memorized paths for pjc with to visit=dac
Memorized paths for dlw with to visit=dac
Memorized paths for cpv with to visit=dac
Memorized paths for bqy with to visit=dac
Memorized paths for ull with to visit=dac
Memorized paths for bit with to visit=dac
Memorized paths for eih with to visit=dac
Memorized paths for kla with to visit=dac
Memorized paths for pjc with to visit=dac
Memorized paths for slf with to visit=dac
Memorized paths for dqn with to visit=dac
Memorized paths for xzo with to visit=dac
Memorized paths for xao with to visit=dac
Memorized paths for vtg with to visit=dac
Memorized paths for pjc with to visit=dac
Memorized paths for sdm with to visit=dac
Memorized paths for slf with to visit=dac
Memorized paths for thp with to visit=dac
Memorized paths for cbe with to visit=dac
Memorized paths for mhy with to visit=dac
Memorized paths for hyb with to visit=dac
Memorized paths for lpu with to visit=dac
Memorized paths for gjw with to visit=dac
Memorized paths for vvx with to visit=dac
Memorized paths for rmp with to visit=dac
Memorized paths for gjw with to visit=dac
Memorized paths for rmp with to visit=dac
Memorized paths for vnl with to visit=dac
Memorized paths for qxa with to visit=dac
Memorized paths for vvx with to visit=dac
Memorized paths for dek with to visit=dac
Memorized paths for boh with to visit=dac
Memorized paths for aqb with to visit=dac
Memorized paths for ait with to visit=dac
Memorized paths for azs with to visit=dac
Memorized paths for ait with to visit=dac
Memorized paths for azs with to visit=dac
Memorized paths for you with to visit=dac
Memorized paths for azs with to visit=dac
Memorized paths for you with to visit=dac
Memorized paths for ait with to visit=dac
Memorized paths for ait with to visit=dac
Memorized paths for you with to visit=dac
Memorized paths for xlv with to visit=dac
Memorized paths for cbp with to visit=dac
Memorized paths for kqf with to visit=dac
Memorized paths for xlv with to visit=dac
Memorized paths for ikr with to visit=dac
Memorized paths for kqf with to visit=dac
Memorized paths for zaq with to visit=dac
Memorized paths for zaq with to visit=dac
Memorized paths for ibh with to visit=dac
Memorized paths for ikr with to visit=dac
Memorized paths for fsj with to visit=dac
Memorized paths for mhb with to visit=dac
Memorized paths for zaq with to visit=dac
Memorized paths for you with to visit=dac
Memorized paths for ait with to visit=dac
Memorized paths for azs with to visit=dac
Memorized paths for you with to visit=dac
Memorized paths for ait with to visit=dac
Memorized paths for you with to visit=dac
Memorized paths for azs with to visit=dac
Memorized paths for azs with to visit=dac
Memorized paths for ait with to visit=dac
Memorized paths for ait with to visit=dac
Memorized paths for you with to visit=dac
Memorized paths for azs with to visit=dac
Memorized paths for ait with to visit=dac
Memorized paths for you with to visit=dac
Memorized paths for azs with to visit=dac
Memorized paths for qnb with to visit=dac
Memorized paths for vyb with to visit=dac
Memorized paths for azs with to visit=dac
Memorized paths for you with to visit=dac
Memorized paths for ait with to visit=dac
Memorized paths for ait with to visit=dac
Memorized paths for azs with to visit=dac
Memorized paths for you with to visit=dac
Memorized paths for ymg with to visit=dac
Memorized paths for oac with to visit=dac
Memorized paths for nfy with to visit=dac
Memorized paths for nfy with to visit=dac
Memorized paths for ymg with to visit=dac
Memorized paths for wag with to visit=dac
Memorized paths for epo with to visit=dac
Memorized paths for emj with to visit=dac
Memorized paths for brt with to visit=
Memorized paths for rkg with to visit=
Memorized paths for brt with to visit=
Memorized paths for axj with to visit=
Memorized paths for stq with to visit=
Memorized paths for icx with to visit=
Memorized paths for sou with to visit=
Memorized paths for gql with to visit=
Memorized paths for icx with to visit=
Memorized paths for nlz with to visit=
Memorized paths for pjh with to visit=
Memorized paths for stq with to visit=
Memorized paths for pno with to visit=
Memorized paths for czo with to visit=
Memorized paths for hcv with to visit=
Memorized paths for uyk with to visit=
Memorized paths for iwt with to visit=
Memorized paths for stq with to visit=
Memorized paths for fri with to visit=
Memorized paths for lix with to visit=
Memorized paths for pxm with to visit=
Memorized paths for lix with to visit=
Memorized paths for fri with to visit=
Memorized paths for dyk with to visit=
Memorized paths for wzi with to visit=
Memorized paths for xyb with to visit=
Memorized paths for fgk with to visit=
Memorized paths for nzm with to visit=
Memorized paths for dbf with to visit=
Memorized paths for ska with to visit=
Memorized paths for zsd with to visit=
Memorized paths for irn with to visit=
Memorized paths for yki with to visit=
Memorized paths for xgm with to visit=
Memorized paths for akj with to visit=
Memorized paths for vqp with to visit=
Memorized paths for jqo with to visit=
Memorized paths for xgm with to visit=
Memorized paths for rpg with to visit=
Memorized paths for muu with to visit=
Memorized paths for jqo with to visit=
Memorized paths for xgm with to visit=
Memorized paths for yki with to visit=
Memorized paths for hdx with to visit=
Memorized paths for eyb with to visit=
Memorized paths for bbp with to visit=
Memorized paths for oam with to visit=
Memorized paths for oam with to visit=
Memorized paths for tfm with to visit=
Memorized paths for twf with to visit=
Memorized paths for tzg with to visit=
Memorized paths for mej with to visit=
Memorized paths for czj with to visit=
Memorized paths for yqk with to visit=
Memorized paths for twf with to visit=
Memorized paths for oam with to visit=
Memorized paths for tzg with to visit=
Memorized paths for mej with to visit=
Memorized paths for ttd with to visit=
Memorized paths for vhf with to visit=
Memorized paths for yuo with to visit=
Memorized paths for vhf with to visit=
Memorized paths for yqk with to visit=
Memorized paths for czj with to visit=
Memorized paths for igz with to visit=
Memorized paths for ucw with to visit=
Memorized paths for yuo with to visit=
Memorized paths for dyk with to visit=
Memorized paths for wzi with to visit=
Memorized paths for dbf with to visit=
Memorized paths for nwo with to visit=
Memorized paths for wzi with to visit=
Memorized paths for kfo with to visit=
Memorized paths for dbf with to visit=
Memorized paths for ykf with to visit=
Memorized paths for ohf with to visit=
Memorized paths for bti with to visit=
Memorized paths for uym with to visit=
Memorized paths for gby with to visit=
Memorized paths for whx with to visit=
Memorized paths for dyk with to visit=
Memorized paths for ziz with to visit=
Memorized paths for xsi with to visit=
Memorized paths for ohf with to visit=
Memorized paths for cpv with to visit=
Memorized paths for eyb with to visit=
Memorized paths for bbp with to visit=
Memorized paths for sgn with to visit=
Memorized paths for muu with to visit=
Memorized paths for rpg with to visit=
Memorized paths for saz with to visit=
Memorized paths for mxi with to visit=
Memorized paths for saz with to visit=
Memorized paths for xtu with to visit=
Memorized paths for mxi with to visit=
Memorized paths for abi with to visit=
Memorized paths for ntl with to visit=
Memorized paths for sin with to visit=
Memorized paths for saa with to visit=
Memorized paths for vsa with to visit=
Memorized paths for fib with to visit=
Memorized paths for ngw with to visit=
Memorized paths for ajw with to visit=
Memorized paths for ntl with to visit=
Memorized paths for onj with to visit=
Memorized paths for zcj with to visit=
Memorized paths for ajw with to visit=
Memorized paths for ntl with to visit=
Memorized paths for qme with to visit=
Memorized paths for bit with to visit=
Memorized paths for huu with to visit=
Memorized paths for cup with to visit=
Memorized paths for muv with to visit=
Memorized paths for cup with to visit=
Memorized paths for zvv with to visit=
Memorized paths for yll with to visit=
Memorized paths for obc with to visit=
Memorized paths for mcq with to visit=
Memorized paths for dfp with to visit=
Memorized paths for gvd with to visit=
Memorized paths for sdm with to visit=
Memorized paths for ggp with to visit=
Memorized paths for slf with to visit=
Memorized paths for pjc with to visit=
Memorized paths for nkj with to visit=
Memorized paths for pjc with to visit=
Memorized paths for dlw with to visit=
Memorized paths for cpv with to visit=
Memorized paths for bqy with to visit=
Memorized paths for ull with to visit=
Memorized paths for bit with to visit=
Memorized paths for eih with to visit=
Memorized paths for kla with to visit=
Memorized paths for pjc with to visit=
Memorized paths for slf with to visit=
Memorized paths for ymg with to visit=
Memorized paths for dqn with to visit=
Memorized paths for xzo with to visit=
Memorized paths for xao with to visit=
Memorized paths for vtg with to visit=
Memorized paths for pjc with to visit=
Memorized paths for sdm with to visit=
Memorized paths for slf with to visit=
Memorized paths for thp with to visit=
Memorized paths for cbe with to visit=
Memorized paths for mhy with to visit=
Memorized paths for hyb with to visit=
Memorized paths for lpu with to visit=
Memorized paths for gjw with to visit=
Memorized paths for vvx with to visit=
Memorized paths for rmp with to visit=
Memorized paths for gjw with to visit=
Memorized paths for rmp with to visit=
Memorized paths for vnl with to visit=
Memorized paths for qxa with to visit=
Memorized paths for vvx with to visit=
Memorized paths for dek with to visit=
Memorized paths for boh with to visit=
Memorized paths for aqb with to visit=
Memorized paths for ait with to visit=
Memorized paths for azs with to visit=
Memorized paths for ezf with to visit=dac
Memorized paths for ezf with to visit=dac
Memorized paths for mea with to visit=dac
Memorized paths for tet with to visit=dac
Memorized paths for ezf with to visit=dac
Memorized paths for pkr with to visit=
Memorized paths for emj with to visit=
Memorized paths for mea with to visit=dac
Memorized paths for tet with to visit=dac
Memorized paths for ema with to visit=dac
Memorized paths for oqr with to visit=dac
Memorized paths for elj with to visit=dac
Memorized paths for azs with to visit=dac
Memorized paths for mca with to visit=dac
Memorized paths for fvq with to visit=dac
Memorized paths for wfa with to visit=dac
Memorized paths for jnx with to visit=dac
Memorized paths for une with to visit=dac
Memorized paths for ose with to visit=dac
Memorized paths for ebl with to visit=dac
Memorized paths for jbg with to visit=dac
Memorized paths for vyb with to visit=dac
Memorized paths for jpk with to visit=dac
Memorized paths for dwm with to visit=dac
Memorized paths for tmc with to visit=dac
Memorized paths for swg with to visit=dac
Memorized paths for tmc with to visit=dac
Memorized paths for qjr with to visit=dac
Memorized paths for uhx with to visit=dac
Memorized paths for wzd with to visit=dac
Memorized paths for jnx with to visit=dac
Memorized paths for wfa with to visit=dac
Memorized paths for fvq with to visit=dac
Memorized paths for fvq with to visit=dac
Memorized paths for hgk with to visit=dac
Memorized paths for mel with to visit=dac
Memorized paths for jrd with to visit=dac
Memorized paths for xip with to visit=dac
Memorized paths for jrd with to visit=dac
Memorized paths for xip with to visit=dac
Memorized paths for hgk with to visit=dac
Memorized paths for mel with to visit=dac
Memorized paths for lox with to visit=dac
Memorized paths for iqc with to visit=dac
Memorized paths for inl with to visit=dac
Memorized paths for tlw with to visit=dac
Memorized paths for opz with to visit=dac
Memorized paths for kno with to visit=dac
Memorized paths for mjl with to visit=dac
Memorized paths for oqr with to visit=dac
Memorized paths for elj with to visit=dac
Memorized paths for lww with to visit=dac
Memorized paths for yxz with to visit=dac
Memorized paths for vum with to visit=dac
Memorized paths for fln with to visit=dac
Memorized paths for ljb with to visit=dac
Memorized paths for kno with to visit=dac
Memorized paths for ida with to visit=dac
Memorized paths for elj with to visit=dac
Memorized paths for oqr with to visit=dac
Memorized paths for lox with to visit=dac
Memorized paths for dpg with to visit=dac
Memorized paths for clu with to visit=dac
Memorized paths for byi with to visit=dac
Memorized paths for opz with to visit=dac
Memorized paths for fln with to visit=dac
Memorized paths for coj with to visit=dac
Memorized paths for ljb with to visit=dac
Memorized paths for vep with to visit=dac
Memorized paths for clu with to visit=dac
Memorized paths for byi with to visit=dac
Memorized paths for yxz with to visit=dac
Memorized paths for kno with to visit=dac
Memorized paths for dwm with to visit=dac
Memorized paths for ida with to visit=dac
Memorized paths for mca with to visit=dac
Memorized paths for ema with to visit=dac
Memorized paths for arv with to visit=dac
Memorized paths for dpg with to visit=dac
Memorized paths for lox with to visit=dac
Memorized paths for amj with to visit=dac
Memorized paths for iqc with to visit=dac
Memorized paths for inl with to visit=dac
Memorized paths for opz with to visit=dac
Memorized paths for tlw with to visit=dac
Memorized paths for kiv with to visit=dac
Memorized paths for wts with to visit=dac
Memorized paths for vep with to visit=dac
Memorized paths for clu with to visit=dac
Memorized paths for byi with to visit=dac
Memorized paths for yxz with to visit=dac
Memorized paths for fln with to visit=dac
Memorized paths for coj with to visit=dac
Memorized paths for arv with to visit=dac
Memorized paths for tmr with to visit=dac
Memorized paths for amj with to visit=dac
Memorized paths for dpg with to visit=dac
Memorized paths for lox with to visit=dac
Memorized paths for inl with to visit=dac
Memorized paths for iqc with to visit=dac
Memorized paths for opz with to visit=dac
Memorized paths for tlw with to visit=dac
Memorized paths for cwg with to visit=dac
Memorized paths for kno with to visit=dac
Memorized paths for ida with to visit=dac
Memorized paths for xpi with to visit=dac
Memorized paths for wts with to visit=dac
Memorized paths for jyv with to visit=dac
Memorized paths for iup with to visit=dac
Memorized paths for ocz with to visit=dac
Memorized paths for taj with to visit=dac
Memorized paths for izb with to visit=dac
Memorized paths for swf with to visit=dac
Memorized paths for iqs with to visit=dac
Memorized paths for iup with to visit=dac
Memorized paths for xpi with to visit=dac
Memorized paths for kiv with to visit=dac
Memorized paths for wts with to visit=dac
Memorized paths for jyv with to visit=dac
Memorized paths for kiv with to visit=dac
Memorized paths for wts with to visit=dac
Memorized paths for xpi with to visit=dac
Memorized paths for wts with to visit=dac
Memorized paths for kiv with to visit=dac
Memorized paths for xpi with to visit=dac
Memorized paths for iup with to visit=dac
Memorized paths for xpi with to visit=dac
Memorized paths for kiv with to visit=dac
Memorized paths for jyv with to visit=dac
Memorized paths for wts with to visit=dac
Memorized paths for kiv with to visit=dac
Memorized paths for xpi with to visit=dac
Memorized paths for qtz with to visit=dac
Memorized paths for vai with to visit=dac
Memorized paths for qtz with to visit=dac
Memorized paths for wcq with to visit=dac
Memorized paths for ptr with to visit=dac
Memorized paths for vai with to visit=dac
Memorized paths for uyp with to visit=dac
Memorized paths for uvi with to visit=dac
Memorized paths for uyp with to visit=dac
Memorized paths for vai with to visit=dac
Memorized paths for ptr with to visit=dac
Memorized paths for wcq with to visit=dac
Memorized paths for zpd with to visit=dac
Memorized paths for fgz with to visit=dac
Memorized paths for jqr with to visit=dac
Memorized paths for kiv with to visit=dac
Memorized paths for wts with to visit=dac
Memorized paths for aci with to visit=dac
Memorized paths for rmm with to visit=dac
Memorized paths for idy with to visit=dac
Memorized paths for iup with to visit=dac
Memorized paths for xpi with to visit=dac
Memorized paths for jyv with to visit=dac
Memorized paths for kiv with to visit=dac
Memorized paths for wts with to visit=dac
Memorized paths for wts with to visit=dac
Memorized paths for kiv with to visit=dac
Memorized paths for iup with to visit=dac
Memorized paths for xpi with to visit=dac
Memorized paths for wts with to visit=dac
Memorized paths for xpi with to visit=dac
Memorized paths for cnn with to visit=dac
Memorized paths for khf with to visit=dac
Memorized paths for jts with to visit=dac
Memorized paths for idy with to visit=dac
Memorized paths for zmv with to visit=dac
Memorized paths for kiv with to visit=dac
Memorized paths for wts with to visit=dac
Memorized paths for xpi with to visit=dac
Memorized paths for jyv with to visit=dac
Memorized paths for kiv with to visit=dac
Memorized paths for wts with to visit=dac
Memorized paths for iup with to visit=dac
Memorized paths for xpi with to visit=dac
Memorized paths for wts with to visit=dac
Memorized paths for kiv with to visit=dac
Memorized paths for jyv with to visit=dac
Memorized paths for xpi with to visit=dac
Memorized paths for iup with to visit=dac
Memorized paths for def with to visit=dac
Memorized paths for ywu with to visit=dac
Memorized paths for lln with to visit=dac
Memorized paths for irc with to visit=dac
Memorized paths for lln with to visit=dac
Memorized paths for ywu with to visit=dac
Memorized paths for def with to visit=dac
Memorized paths for iup with to visit=dac
Memorized paths for xpi with to visit=dac
Memorized paths for kiv with to visit=dac
Memorized paths for dmr with to visit=dac
Memorized paths for fwn with to visit=dac
Memorized paths for fdx with to visit=dac
Memorized paths for xsn with to visit=dac
Memorized paths for fwn with to visit=dac
Memorized paths for dmr with to visit=dac
Memorized paths for xsn with to visit=dac
Memorized paths for hcc with to visit=dac
Memorized paths for vqi with to visit=dac
Memorized paths for vqi with to visit=dac
Memorized paths for npn with to visit=dac
Memorized paths for krf with to visit=dac
Memorized paths for zvm with to visit=dac
Memorized paths for ckr with to visit=dac
Memorized paths for vqi with to visit=dac
Memorized paths for hcc with to visit=dac
Memorized paths for akg with to visit=dac
Memorized paths for sub with to visit=dac
Memorized paths for npn with to visit=dac
Memorized paths for sda with to visit=dac
Memorized paths for jqr with to visit=dac
Memorized paths for fgz with to visit=dac
Memorized paths for hox with to visit=dac
Memorized paths for kiv with to visit=dac
Memorized paths for iup with to visit=dac
Memorized paths for vfu with to visit=dac
Memorized paths for fsk with to visit=dac
Memorized paths for kiv with to visit=dac
Memorized paths for wts with to visit=dac
Memorized paths for iup with to visit=dac
Memorized paths for xpi with to visit=dac
Memorized paths for hgq with to visit=dac
Memorized paths for iup with to visit=dac
Memorized paths for xpi with to visit=dac
Memorized paths for jyv with to visit=dac
Memorized paths for plu with to visit=dac
Memorized paths for hgq with to visit=dac
Memorized paths for qdm with to visit=dac
Memorized paths for vfu with to visit=dac
Memorized paths for fsk with to visit=dac
Memorized paths for jwc with to visit=dac
Memorized paths for hxe with to visit=dac
Memorized paths for plu with to visit=dac
Memorized paths for hgq with to visit=dac
Memorized paths for vfu with to visit=dac
Memorized paths for ghl with to visit=dac
Memorized paths for hfi with to visit=dac
Memorized paths for zmv with to visit=dac
Memorized paths for gvq with to visit=dac
Memorized paths for flo with to visit=dac
Memorized paths for qou with to visit=dac
Memorized paths for gvq with to visit=dac
Memorized paths for ytc with to visit=dac
Memorized paths for hox with to visit=dac
Memorized paths for nop with to visit=dac
Memorized paths for gnm with to visit=dac
Memorized paths for ytc with to visit=dac
Memorized paths for dkt with to visit=dac
